uf20-01.cnf Any[(212,1.168600233,true),(506,2.608242166,true),(245,1.278843554,true),(1445,7.438213106,true),(65,0.341607974,true),(2679,13.816498789,true),(47,0.247586066,true),(830,4.296167816,true),(3541,18.297923552,true),(92,0.482084007,true)] (966.2,4.997576726299999,10)
uf20-010.cnf Any[(79,0.410741886,true),(32,0.169783848,true),(120,0.613415893,true),(69,0.354222076,true),(6525,32.632114305,true),(152,0.7759957,true),(27,0.143191921,true),(27,0.144146452,true),(38,0.19500668,true),(270,1.367467221,true)] (733.9,3.6806085982000005,10)
uf20-0100.cnf Any[(904,4.648028195,true),(1553,7.885832853,true),(24,0.129909893,true),(81,0.430376942,true),(95,0.499827228,true),(113,0.597743849,true),(690,3.563682421,true),(70,0.372498891,true),(3662,18.724055646,true),(554,2.835587372,true)] (774.6,3.9687543290000002,10)
uf20-01000.cnf Any[(18725,96.549766794,true),(89,0.475653947,true),(127,0.681506809,true),(2292,11.8720299,true),(20083,103.676919964,true),(113974,587.336733807,true),(744,3.88872103,true),(172765,897.143907953,true),(62620,323.460662132,true),(15353,79.254079853,true)] (40677.2,210.43399821889997,10)
uf20-0101.cnf Any[(1,0.016706061,true),(48,0.263379989,true),(26,0.145633216,true),(32,0.1687868,true),(108,0.579974828,true),(42425,218.58492545,true),(966,4.985702534,true),(279,1.448285427,true),(152,0.807843015,true),(81,0.418532045,true)] (4411.8,22.741976936500002,10)
uf20-0102.cnf Any[(801,4.178359144,true),(382,2.0200177,true),(2263,11.760449224,true),(757,3.955388154,true),(519,2.709282078,true),(3091,15.992054354,true),(3042,15.822634539,true),(40,0.215886555,true),(259,1.362790753,true),(24,0.134209436,true)] (1117.8,5.815107193699999,10)
uf20-0103.cnf Any[(25,0.149468496,true),(4115,20.888563026,true),(350,1.781534755,true),(392,2.016623873,true),(46524,235.626703883,true),(55,0.283686333,true),(194,0.986473521,true),(3814,18.99485364,true),(344,1.717847371,true),(12859,64.236305412,true)] (6867.2,34.668206031,10)
uf20-0104.cnf Any[(51,0.276862037,true),(28342,140.426690258,true),(62,0.32237132,true),(47,0.245308943,true),(130,0.657802875,true),(25,0.131607399,true),(151,0.769374452,true),(211,1.077359304,true),(8188,40.678277026,true),(46,0.240410734,true)] (3725.3,18.482606434799997,10)
uf20-0105.cnf Any[(54,0.295119289,true),(19466,96.941667553,true),(111,0.566341289,true),(3544,17.530394028,true),(13295,65.577380945,true),(126,0.644318072,true),(189,0.958840347,true),(2531,12.558274909,true),(22,0.11653661,true),(398,1.988962679,true)] (3973.6,19.7177835721,10)
uf20-0106.cnf Any[(4096,20.474708067,true),(88335,441.60732692,true),(5346,26.522426862,true),(15269,76.380198378,true),(81892,409.56994336,true),(14250,71.716156013,true),(211,1.090673255,true),(53591,268.81932432,true),(36397,182.546977465,true),(49003,245.492790611,true)] (34839.0,174.4220525251,10)
uf20-0107.cnf Any[(1472,7.357761109,true),(107,0.543235598,true),(472,2.337419469,true),(10143,50.401373988,true),(136,0.689230334,true),(116,0.593522661,true),(196,0.981536323,true),(223,1.122577119,true),(39,0.200613912,true),(14737,72.59576256,true)] (2764.1,13.6823033073,10)
uf20-0108.cnf Any[(487,2.433983213,true),(23406,115.443359308,true),(323,1.614487648,true),(52,0.265539273,true),(5110,25.375824105,true),(559,2.771276457,true),(3606,17.825616068,true),(212,1.072274763,true),(984,4.908497317,true),(2653,13.085342807,true)] (3739.2,18.479620095899996,10)
uf20-0109.cnf Any[(17899,90.056702444,true),(582,2.968618197,true),(46,0.241289069,true),(138,0.708918359,true),(135,0.710013014,true),(624,3.213636888,true),(82,0.427824527,true),(971,4.967637672,true),(685,3.492386975,true),(558,2.857069258,true)] (2172.0,10.964409640299998,10)
uf20-011.cnf Any[(44,0.275538728,true),(67,0.349952921,true),(15,0.081543874,true),(63,0.32370731,true),(41,0.214311226,true),(65,0.344219037,true),(40,0.21331527,true),(185,0.940039783,true),(16,0.085129955,true),(25,0.132585245,true)] (56.1,0.2960343349,10)
uf20-0110.cnf Any[(74,0.385513932,true),(59,0.315692942,true),(88,0.463700359,true),(75,0.381453929,true),(60,0.316508554,true),(101,0.524506763,true),(24,0.126939622,true),(90,0.465050809,true),(58,0.30275308,true),(58,0.305295116,true)] (68.7,0.35874151060000004,10)
uf20-0111.cnf Any[(19,0.115352856,true),(300,1.516388389,true),(62,0.324804811,true),(46,0.240989473,true),(134,0.683605231,true),(79,0.410200765,true),(88,0.44838519,true),(192,0.971398574,true),(34,0.179026444,true),(1,0.008463516,true)] (95.5,0.48986152489999996,10)
uf20-0112.cnf Any[(17884,88.341644499,true),(9514,47.168172617,true),(7112,35.29486946,true),(113,0.573904473,true),(12,0.063657148,true),(3127,15.375086133,true),(451,2.239539395,true),(25,0.133289845,true),(42,0.21475903,true),(45,0.231387954,true)] (3832.5,18.963631055400004,10)
uf20-0113.cnf Any[(259489,1292.321008405,true),(500000,2478.855198498,false),(293,1.521167103,true),(263,1.343739452,true),(563,2.838629247,true),(140,0.721322559,true),(500000,2517.616379452,false),(107,0.55220902,true),(912,4.621637322,true),(103,0.540501499,true)] (126187.0,630.0931792557001,8)
uf20-0114.cnf Any[(1269,6.4919943,true),(78,0.405552716,true),(218,1.129824919,true),(2283,11.578548391,true),(34,0.183143034,true),(16,0.087281956,true),(4096,20.753890029,true),(522,2.689410597,true),(651,3.316868895,true),(43,0.229841958,true)] (921.0,4.6866356795,10)
uf20-0115.cnf Any[(6068,31.03345628,true),(11337,58.500377371,true),(11453,58.776310941,true),(112,0.598655099,true),(22,0.118895342,true),(11933,61.260384578,true),(6540,33.795837507,true),(94,0.503575124,true),(172,0.904756693,true),(3105,16.005267926,true)] (5083.6,26.1497516861,10)
uf20-0116.cnf Any[(282,1.459250664,true),(664,3.406275424,true),(665,3.386161161,true),(134,0.701525026,true),(27046,136.83037559,true),(33040,168.155882183,true),(117,0.603368625,true),(105,0.544293742,true),(541,2.767574752,true),(654,3.368505234,true)] (6324.8,32.12232124009999,10)
uf20-0117.cnf Any[(442,2.284046107,true),(331,1.706929911,true),(9192,46.923602153,true),(3057,15.706644393,true),(877,4.500276057,true),(1967,10.035035474,true),(5319,27.283272414,true),(21,0.111733731,true),(585,3.009354392,true),(11,0.061948159,true)] (2180.2,11.162284279099998,10)
uf20-0118.cnf Any[(34,0.20724513,true),(85,0.446621496,true),(12,0.06664048,true),(65,0.343088821,true),(4,0.023480562,true),(13,0.073559224,true),(28,0.151360041,true),(64,0.339780879,true),(106,0.55721886,true),(154,0.790122631,true)] (56.5,0.2999118124,10)
uf20-0119.cnf Any[(41543,209.025489558,true),(114657,579.827118691,true),(37,0.197350459,true),(55,0.290619594,true),(2257,11.470774571,true),(431,2.179192797,true),(3107,15.722193494,true),(27431,139.203356749,true),(227,1.147442117,true),(49109,247.893542832,true)] (23885.4,120.69570808619999,10)
uf20-012.cnf Any[(20,0.13304126,true),(7,0.039554741,true),(24,0.133173419,true),(47,0.255682942,true),(30,0.167314462,true),(19,0.107083832,true),(33,0.18086344,true),(30,0.166954621,true),(64,0.343265666,true),(17,0.093061093,true)] (29.1,0.1619995476,10)
uf20-0120.cnf Any[(260888,1344.405561727,true),(53,0.287406724,true),(8,0.049275095,true),(161,0.854739472,true),(173,0.910236352,true),(46,0.250264833,true),(500000,2541.434869049,false),(206,1.065921386,true),(241,1.242246617,true),(98,0.514308791,true)] (76187.4,389.1014830046,9)
uf20-0121.cnf Any[(711,3.544295326,true),(179,0.91298447,true),(253,1.284679365,true),(1447,7.252792761,true),(14347,72.327765857,true),(402,2.036076309,true),(2483,12.504637768,true),(79,0.406448006,true),(23,0.125057662,true),(1723,8.674333941,true)] (2164.7,10.9069071465,10)
uf20-0122.cnf Any[(194,1.021306699,true),(139,0.719578843,true),(61,0.326052243,true),(58,0.306601567,true),(4806,24.373940708,true),(50,0.262826977,true),(71,0.374772823,true),(8218,41.404049177,true),(574,2.923893295,true),(98,0.513667793,true)] (1426.9,7.222669012499999,10)
uf20-0123.cnf Any[(54,0.302038545,true),(41,0.220476203,true),(500000,2499.69455194,false),(63563,310.476317589,true),(263,1.318797669,true),(68,0.350099154,true),(449494,2212.831971767,true),(416753,2060.063561622,true),(72,0.369529289,true),(188597,943.87170199,true)] (161890.5,802.9499045768001,9)
uf20-0124.cnf Any[(101,0.525605227,true),(77,0.399284154,true),(25,0.132870499,true),(12,0.065669332,true),(49,0.255246512,true),(482,2.411275038,true),(190,0.966642044,true),(576,2.894006559,true),(234,1.186456299,true),(8,0.046321398,true)] (175.4,0.8883377062000001,10)
uf20-0125.cnf Any[(9,0.065863696,true),(80,0.409343668,true),(23,0.122929419,true),(86,0.437895469,true),(5,0.028445751,true),(27,0.143680406,true),(19,0.099509198,true),(92,0.475154307,true),(46,0.237918681,true),(126,0.644013603,true)] (51.3,0.2664754198,10)
uf20-0126.cnf Any[(459,2.297762101,true),(1540,7.655036469,true),(40888,202.168494179,true),(183,0.923528392,true),(133901,661.036425605,true),(155,0.786093434,true),(18336,90.647498071,true),(80,0.414128821,true),(44,0.225855119,true),(263,1.307304388,true)] (19584.9,96.7462126579,10)
uf20-0127.cnf Any[(53,0.279422818,true),(45,0.240744012,true),(83,0.425458463,true),(167,0.858999802,true),(33,0.176737407,true),(36,0.188450308,true),(199,1.013798263,true),(11,0.058311289,true),(29,0.155879771,true),(72,0.374278134,true)] (72.8,0.37720802670000003,10)
uf20-0128.cnf Any[(1749,8.850469568,true),(73,0.384383405,true),(46,0.24135582,true),(44,0.231343935,true),(55,0.289984519,true),(58,0.306532184,true),(180,0.91710434,true),(328,1.683666358,true),(573,2.907763256,true),(37,0.199521923,true)] (314.3,1.6012125307999998,10)
uf20-0129.cnf Any[(53767,279.649187181,true),(148722,764.15652397,true),(155694,782.43875835,true),(103955,525.419888763,true),(109,0.583709406,true),(500000,2607.409967725,false),(678,3.519018559,true),(232,1.230398148,true),(412886,2132.146636366,true),(377,1.937265163,true)] (137642.0,709.8491353631,9)
uf20-013.cnf Any[(500000,2500.258956675,false),(12,0.06499595,true),(71187,361.567354903,true),(49,0.256570753,true),(47,0.242019068,true),(222,1.12860375,true),(497,2.517714398,true),(66,0.341029359,true),(42,0.219491434,true),(67,0.350844859,true)] (57218.9,286.6947581148999,9)
uf20-0130.cnf Any[(51,0.294997511,true),(250,1.264952917,true),(26,0.142522766,true),(132,0.699641363,true),(96,0.517605623,true),(45,0.241565528,true),(28093,145.443123578,true),(42127,217.171984451,true),(138897,723.84661067,true),(420,2.202234061,true)] (21013.7,109.1825238468,10)
uf20-0131.cnf Any[(19,0.164132859,true),(8,0.046148522,true),(31,0.164937292,true),(13,0.07306536,true),(13,0.073707829,true),(27,0.142104024,true),(32,0.171640501,true),(1,0.008337105,true),(46,0.244258376,true),(3,0.022918982,true)] (19.3,0.11112508499999998,10)
uf20-0132.cnf Any[(29,0.167003257,true),(71,0.375409317,true),(35881,181.938796974,true),(6356,32.499195861,true),(38,0.206131091,true),(962,4.892207439,true),(119,0.612851669,true),(159,0.830082094,true),(66,0.347629002,true),(10703,54.326609487,true)] (5438.4,27.619591619100003,10)
uf20-0133.cnf Any[(70,0.386214609,true),(31,0.171893129,true),(70,0.371682188,true),(560,2.907344161,true),(57,0.300918194,true),(74,0.397828803,true),(26,0.143605254,true),(132,0.697480202,true),(82,0.442540815,true),(150,0.796329075,true)] (125.2,0.661583643,10)
uf20-0134.cnf Any[(60,0.335845302,true),(599,3.140461145,true),(24,0.136946415,true),(35,0.192463119,true),(111,0.595924587,true),(58,0.309472421,true),(69,0.367401584,true),(9,0.054522817,true),(62,0.339502734,true),(28,0.158380908,true)] (105.5,0.5630921031999999,10)
uf20-0135.cnf Any[(427,2.242597588,true),(306,1.60319867,true),(537,2.800020901,true),(103852,535.862598944,true),(1103,5.744895405,true),(77,0.419081757,true),(7123,37.006245752,true),(21,0.119867314,true),(981,5.140177697,true),(34,0.187448662,true)] (11446.1,59.112613268999986,10)
uf20-0136.cnf Any[(173069,885.92785609,true),(118,0.626946546,true),(50216,258.545245156,true),(28229,145.767612734,true),(18,0.100074126,true),(18,0.099120568,true),(500000,2545.74450032,false),(54,0.310232241,true),(230840,1181.91645201,true),(101814,522.903178509,true)] (108437.6,554.1941218300001,9)
uf20-0137.cnf Any[(18,0.124017405,true),(27,0.15250769,true),(92,0.493373954,true),(4,0.024863884,true),(15,0.088279202,true),(23,0.131062281,true),(12,0.070855452,true),(71,0.389903105,true),(62,0.335193811,true),(46,0.243799075,true)] (37.0,0.2053855859,10)
uf20-0138.cnf Any[(15718,79.293290525,true),(812,4.21635788,true),(160320,814.411902954,true),(1055,5.264449569,true),(178,0.914400533,true),(1578,8.12833796,true),(664,3.348264193,true),(16272,81.84164443,true),(76,0.396152924,true),(61507,309.456947632,true)] (25818.0,130.72717486,10)
uf20-0139.cnf Any[(802,4.210683711,true),(174,0.915906473,true),(856,4.436707384,true),(75,0.401709614,true),(105,0.556560621,true),(183,0.965973035,true),(121,0.644440321,true),(162,0.863354728,true),(37,0.20514386,true),(75736,390.120680172,true)] (7825.1,40.3321159919,10)
uf20-014.cnf Any[(57,0.310067103,true),(18,0.097564293,true),(949,4.793621973,true),(22240,113.786142895,true),(43543,219.889830463,true),(671,3.423700376,true),(38,0.205096737,true),(31,0.16569214,true),(105,0.548930117,true),(50,0.264782176,true)] (6770.2,34.348542827299994,10)
uf20-0140.cnf Any[(253,1.30509118,true),(209048,1056.793905682,true),(71,0.370664256,true),(11516,58.274190187,true),(89,0.469460002,true),(81,0.424340131,true),(61,0.322766431,true),(100,0.520627518,true),(36,0.189892614,true),(86,0.448621279,true)] (22134.1,111.91195592800003,10)
uf20-0141.cnf Any[(1496,7.62700416,true),(386,1.978984566,true),(3809,19.492858946,true),(2973,15.315023457,true),(419,2.155554797,true),(17162,87.406124229,true),(143,0.736654735,true),(38,0.204551457,true),(7216,36.906766114,true),(25326,129.85711534,true)] (5896.8,30.1680637801,10)
uf20-0142.cnf Any[(104,0.553516844,true),(136,0.703410772,true),(109,0.566768652,true),(562,2.842429855,true),(74,0.381355181,true),(57,0.301871737,true),(37,0.196112828,true),(164,0.847618847,true),(206,1.05266465,true),(25,0.13676953,true)] (147.4,0.7582518895999999,10)
uf20-0143.cnf Any[(75,0.390602855,true),(10,0.056128528,true),(51,0.26756348,true),(155,0.789961996,true),(6,0.033262662,true),(20,0.11169248,true),(25,0.130873541,true),(29,0.153833655,true),(112,0.564951565,true),(12,0.066397014,true)] (49.5,0.25652677760000003,10)
uf20-0144.cnf Any[(66,0.351729685,true),(365,1.902135296,true),(60,0.323019153,true),(32,0.17525809,true),(55,0.295531195,true),(42,0.229237445,true),(661,3.410284656,true),(102,0.546181994,true),(32,0.170910811,true),(58,0.307676763,true)] (147.3,0.7711965087999999,10)
uf20-0145.cnf Any[(51,0.284147233,true),(132,0.686013207,true),(43,0.229982003,true),(24,0.126778222,true),(67,0.345536885,true),(64,0.336173145,true),(69,0.365553907,true),(83,0.418421118,true),(121,0.614072108,true),(255,1.311811801,true)] (90.9,0.47184896289999995,10)
uf20-0146.cnf Any[(156,0.828432591,true),(88768,449.634742526,true),(6,0.039011897,true),(16270,82.590346237,true),(69,0.370110853,true),(136,0.705678448,true),(482,2.478359727,true),(24,0.129009289,true),(95,0.498949876,true),(92,0.487567693,true)] (10609.8,53.7762209137,10)
uf20-0147.cnf Any[(500000,2583.542614821,false),(9470,49.02487405,true),(43101,223.592289789,true),(4833,24.929641325,true),(228,1.185833687,true),(297736,1539.799673548,true),(71,0.383638295,true),(3366,17.453113191,true),(366672,1909.66145039,true),(418,2.195487146,true)] (122589.5,635.1768616242,9)
uf20-0148.cnf Any[(712,3.675684686,true),(303,1.570677494,true),(119,0.62339492,true),(115,0.597192646,true),(93,0.488039713,true),(159,0.841384759,true),(38,0.206622777,true),(43,0.226181241,true),(3621,18.514365073,true),(177,0.924006248,true)] (538.0,2.7667549557000006,10)
uf20-0149.cnf Any[(144,0.762694351,true),(53692,276.935518102,true),(82432,428.817325188,true),(29,0.161827975,true),(2168,11.206249285,true),(458,2.387324223,true),(187,0.993012101,true),(75,0.398858703,true),(31,0.165262397,true),(2580,13.449465942,true)] (14179.6,73.52775382669999,10)
uf20-015.cnf Any[(102,0.572727248,true),(65,0.353648562,true),(3930,20.824788935,true),(3400,17.882371829,true),(29,0.159006358,true),(1496,7.840131533,true),(26,0.147912849,true),(843,4.443796074,true),(2758,14.565628773,true),(31,0.168481835,true)] (1268.0,6.695849399599998,10)
uf20-0150.cnf Any[(316,1.670217638,true),(119,0.633853519,true),(47,0.25186887,true),(139,0.736839527,true),(323,1.709579511,true),(227,1.200549137,true),(53,0.288732284,true),(20,0.111516715,true),(93,0.499497831,true),(97064,493.747050214,true)] (9840.1,50.084970524599996,10)
uf20-0151.cnf Any[(62,0.347981128,true),(122,0.643548059,true),(376,1.923188017,true),(112,0.578218767,true),(59,0.310851858,true),(21,0.114671544,true),(36,0.190947089,true),(14565,74.065619387,true),(405,2.08655687,true),(268,1.398498791,true)] (1602.6,8.166008150999998,10)
uf20-0152.cnf Any[(38,0.233710852,true),(30,0.163225123,true),(149,0.763558185,true),(123,0.641187854,true),(143,0.74415871,true),(474,2.438990242,true),(71,0.372249582,true),(102,0.535228006,true),(91,0.482395591,true),(34,0.183057518,true)] (125.5,0.6557761663,10)
uf20-0153.cnf Any[(44,0.252493414,true),(11,0.062463721,true),(21,0.11385993,true),(217,1.117548712,true),(117,0.608972967,true),(21,0.113580715,true),(33,0.177117973,true),(64,0.33690695,true),(13,0.072665214,true),(5,0.028555664,true)] (54.6,0.28841652600000006,10)
uf20-0154.cnf Any[(45,0.234560766,true),(49,0.253140751,true),(25053,125.796511953,true),(14371,71.956259961,true),(958,4.917034251,true),(61,0.326656768,true),(503,2.598717725,true),(23000,115.506773429,true),(144,0.745347684,true),(547,2.745839287,true)] (6473.1,32.5080842575,10)
uf20-0155.cnf Any[(29,0.159111721,true),(29,0.154486573,true),(43,0.228912965,true),(33,0.174040211,true),(12,0.067553926,true),(44,0.232938144,true),(14,0.078076973,true),(147,0.749817761,true),(23,0.120677514,true),(18,0.096385074,true)] (39.2,0.20620008620000002,10)
uf20-0156.cnf Any[(5331,27.448324952,true),(88274,460.794875221,true),(699,3.701330733,true),(1888,10.093062429,true),(582,3.116202065,true),(29,0.16612105,true),(51045,269.117693325,true),(21034,110.686600253,true),(173,0.943872338,true),(44653,236.170653137,true)] (21370.8,112.2238735503,10)
uf20-0157.cnf Any[(57,0.327491973,true),(12085,62.822596509,true),(3668,19.145298054,true),(89,0.479421938,true),(2883,14.95434399,true),(221,1.185087156,true),(39,0.212500985,true),(15,0.085993398,true),(77,0.414957511,true),(171,0.906419386,true)] (1930.5,10.053411089999999,10)
uf20-0158.cnf Any[(32,0.193158004,true),(1907,9.946409887,true),(14348,74.854930693,true),(4266,22.256539993,true),(6267,32.692874188,true),(73,0.39352225,true),(62,0.335493396,true),(275,1.466082422,true),(17,0.092829394,true),(121,0.636023105,true)] (2736.8,14.286786333199998,10)
uf20-0159.cnf Any[(219,1.14985586,true),(40,0.220315936,true),(2930,15.046569662,true),(124,0.655056923,true),(141,0.747569182,true),(1229,6.39465415,true),(41,0.221019191,true),(2090,10.756032911,true),(70,0.370441185,true),(440,2.28502787,true)] (732.4,3.784654287,10)
uf20-016.cnf Any[(118,0.641296693,true),(155,0.819160664,true),(42,0.227209291,true),(804,4.174776407,true),(62,0.328381847,true),(98,0.523341736,true),(94,0.505530127,true),(40,0.221888831,true),(52,0.281467046,true),(114,0.595143786,true)] (157.9,0.8318196428000002,10)
uf20-0160.cnf Any[(17931,91.693759629,true),(133,0.697279285,true),(38630,197.847602524,true),(7371,37.401172198,true),(136,0.716961137,true),(4096,21.119671611,true),(33013,169.460670114,true),(4042,20.655400664,true),(22205,113.58668576,true),(13268,67.688704557,true)] (14082.5,72.0867907479,10)
uf20-0161.cnf Any[(280,1.499610816,true),(52,0.281458404,true),(90,0.483492464,true),(60,0.319761748,true),(67,0.360879026,true),(1173,6.111225794,true),(82,0.440744497,true),(30,0.165708309,true),(178,0.947996732,true),(213,1.127755354,true)] (222.5,1.1738633144,10)
uf20-0162.cnf Any[(69,0.375053196,true),(36,0.197955153,true),(162,0.863074286,true),(27,0.1494723,true),(13,0.074685974,true),(90,0.485868274,true),(6,0.039603572,true),(83,0.447788511,true),(31,0.171688789,true),(24,0.126143281,true)] (54.1,0.29313333360000005,10)
uf20-0163.cnf Any[(32,0.167803751,true),(81,0.418969432,true),(97,0.505562742,true),(224,1.143481403,true),(177,0.91756074,true),(263,1.356470596,true),(21,0.118159251,true),(45,0.238329124,true),(36,0.196001412,true),(111,0.577409648,true)] (108.7,0.5639748098999999,10)
uf20-0164.cnf Any[(99,0.529620785,true),(36,0.196686153,true),(42,0.236638865,true),(37,0.203948392,true),(40,0.228748632,true),(17,0.096709379,true),(61,0.333322782,true),(36,0.199976657,true),(157,0.845286748,true),(55,0.299980534,true)] (58.0,0.3170918927,10)
uf20-0165.cnf Any[(63,0.330562462,true),(8298,41.713431071,true),(29,0.156324843,true),(53,0.269170003,true),(36,0.18542685,true),(43,0.229597978,true),(91,0.471479265,true),(60,0.315127084,true),(60,0.315075318,true),(171,0.877735908,true)] (890.4,4.4863930782,10)
uf20-0166.cnf Any[(910,4.781086513,true),(78,0.422355938,true),(1270,6.607207433,true),(45,0.247836795,true),(356,1.874239586,true),(1683,8.775066185,true),(166,0.876312852,true),(23953,126.064673549,true),(1261,6.625159091,true),(600,3.157735826,true)] (3032.2,15.9431673768,10)
uf20-0167.cnf Any[(1248,6.516932134,true),(105,0.569253525,true),(224787,1164.730447906,true),(2266,11.790484598,true),(882,4.56863682,true),(1402,7.321552193,true),(53045,275.487021282,true),(1142,5.935893025,true),(787,4.095628832,true),(3683,19.012088304,true)] (28934.7,150.0027938619,10)
uf20-0168.cnf Any[(150,0.785506527,true),(834,4.331225674,true),(161,0.856307604,true),(105,0.553647013,true),(209,1.108936782,true),(29,0.160869781,true),(3562,18.547668838,true),(117,0.62376741,true),(64,0.349247549,true),(21,0.119473757,true)] (525.2,2.7436650934999998,10)
uf20-0169.cnf Any[(35,0.199746544,true),(17,0.095313272,true),(82,0.443772018,true),(273,1.452334451,true),(380,2.019838347,true),(122,0.66042664,true),(48,0.263088233,true),(44,0.236377931,true),(41,0.231128629,true),(59,0.325823452,true)] (110.1,0.5927849516999999,10)
uf20-017.cnf Any[(4841,24.669994593,true),(76,0.402052765,true),(13,0.073196931,true),(58,0.312716006,true),(1222,6.32575581,true),(176,0.927549198,true),(62,0.333461044,true),(106,0.570973098,true),(45,0.245040975,true),(111,0.604331082,true)] (671.0,3.446507150200001,10)
uf20-0170.cnf Any[(559,2.999563528,true),(411,2.21156716,true),(1117,5.885288315,true),(121,0.665585745,true),(1444,7.541523934,true),(49,0.272268301,true),(154,0.831813145,true),(14,0.080473734,true),(327,1.745318882,true),(62,0.338305141,true)] (425.8,2.2571707885000003,10)
uf20-0171.cnf Any[(9,0.058805941,true),(69,0.374495265,true),(2330,12.343102321,true),(5132,26.675426195,true),(1356,7.0338513,true),(26015,132.70164542,true),(17925,91.604012958,true),(411,2.124378783,true),(814,4.152796537,true),(129,0.683336829,true)] (5419.0,27.775185154899994,10)
uf20-0172.cnf Any[(218,1.181558935,true),(310,1.637335944,true),(129,0.679416253,true),(1185,6.162166166,true),(133,0.712894872,true),(100,0.531504533,true),(1850,9.656198942,true),(34042,177.350923544,true),(14498,75.356311922,true),(3956,20.76155264,true)] (5642.1,29.4029863751,10)
uf20-0173.cnf Any[(114,0.615598705,true),(73,0.390833517,true),(39547,203.918335579,true),(74,0.398131811,true),(184,0.962040763,true),(1056,5.446754401,true),(86,0.462231142,true),(148,0.770919846,true),(110,0.583709263,true),(101,0.546289673,true)] (4149.3,21.409484470000002,10)
uf20-0174.cnf Any[(234,1.222664893,true),(219,1.142758626,true),(84,0.444269946,true),(700,3.638402264,true),(8,0.04476915,true),(16,0.090726901,true),(52,0.277239491,true),(680,3.565359561,true),(3079,15.901842006,true),(32,0.174416983,true)] (510.4,2.6502449821,10)
uf20-0175.cnf Any[(26,0.153162357,true),(21,0.120113657,true),(153,0.831869681,true),(2507,13.059254986,true),(402,2.119240055,true),(103,0.553353605,true),(93515,490.666302163,true),(16320,84.843149428,true),(246,1.300469979,true),(500000,2614.562670152,false)] (61329.3,320.8209586063,9)
uf20-0176.cnf Any[(5747,29.922657605,true),(60652,316.576059321,true),(210,1.106585669,true),(21941,114.871967072,true),(59,0.324954576,true),(18306,95.366786306,true),(109243,574.875165091,true),(64892,332.548148659,true),(3179,16.211326678,true),(130,0.678211918,true)] (28435.9,148.24818628949998,10)
uf20-0177.cnf Any[(20273,101.632049887,true),(5350,27.093511787,true),(29,0.15618296,true),(392,2.00187453,true),(114,0.591623904,true),(500000,2514.174046886,false),(29592,147.996513604,true),(190,0.964502313,true),(3499,17.612459696,true),(17110,86.073506942,true)] (57654.9,289.8296272509,9)
uf20-0178.cnf Any[(292,1.528158752,true),(3825,19.44209434,true),(494,2.490453694,true),(64,0.339719072,true),(468,2.393809934,true),(203,1.039339472,true),(525,2.655961187,true),(286,1.465888391,true),(274,1.384346871,true),(48,0.256502332,true)] (647.9,3.2996274045,10)
uf20-0179.cnf Any[(101,0.539226557,true),(285,1.419291995,true),(28,0.15021292,true),(166,0.844573807,true),(753,3.761521421,true),(22,0.114318367,true),(145,0.739117678,true),(48,0.250511724,true),(347,1.774702727,true),(139,0.705613424,true)] (203.4,1.0299090620000002,10)
uf20-018.cnf Any[(214549,1066.492170923,true),(187,0.963876488,true),(94,0.481206294,true),(608,3.038356852,true),(445,2.230963024,true),(416967,2083.361951384,true),(286,1.456348083,true),(153,0.776343859,true),(39,0.206561106,true),(100,0.517678163,true)] (63342.8,315.95254561760004,10)
uf20-0180.cnf Any[(48467,246.715055066,true),(72958,373.389280417,true),(16,0.089907948,true),(5732,29.17639667,true),(19659,100.280749665,true),(266812,1379.74166545,true),(92493,484.35212634,true),(139297,726.967567487,true),(29,0.162531367,true),(38299,199.968672912,true)] (68376.2,354.08439533219996,10)
uf20-0181.cnf Any[(113,0.632450058,true),(86,0.461230963,true),(1951,10.138394385,true),(352,1.837430093,true),(44,0.236467434,true),(73,0.398618523,true),(102,0.541999896,true),(180,0.962804001,true),(48,0.265908811,true),(84,0.457297333,true)] (303.3,1.5932601496999999,10)
uf20-0182.cnf Any[(69,0.386878029,true),(70,0.389544117,true),(222,1.194193429,true),(11,0.060290943,true),(208,1.115799517,true),(166,0.895257206,true),(43,0.240502551,true),(190,0.996852081,true),(61,0.321729655,true),(236,1.2351459,true)] (127.6,0.6836193428,10)
uf20-0183.cnf Any[(153,0.823067208,true),(1992,10.364848093,true),(73,0.403397556,true),(1984,10.50546941,true),(97153,511.273335052,true),(76,0.418480524,true),(74,0.406330231,true),(34367,181.495871802,true),(22523,119.300373099,true),(28167,147.624861454,true)] (18656.2,98.2616034429,10)
uf20-0184.cnf Any[(29,0.17032269,true),(68,0.3666575,true),(17,0.094365244,true),(73,0.395546444,true),(50,0.270971101,true),(207,1.084921049,true),(124270,642.405405165,true),(34577,178.057481608,true),(124,0.655016246,true),(730,3.8118115,true)] (16014.5,82.7312498547,10)
uf20-0185.cnf Any[(61,0.344534533,true),(500000,2585.7557086,false),(63,0.337389882,true),(60,0.323135886,true),(500000,2569.310424195,false),(82,0.426875221,true),(9184,46.881604964,true),(548,2.822398766,true),(500000,2576.506717885,false),(500000,2570.004407328,false)] (200999.8,1035.2713197260002,6)
uf20-0186.cnf Any[(24,0.150756413,true),(27,0.143401081,true),(86,0.470905268,true),(25,0.140457517,true),(136,0.721416084,true),(375,1.956873657,true),(96,0.509770884,true),(785,4.078215105,true),(21,0.114633465,true),(476,2.493281917,true)] (205.1,1.0779711391000002,10)
uf20-0187.cnf Any[(2889,15.151803975,true),(34,0.189543822,true),(15,0.086995504,true),(221,1.174466541,true),(36,0.1931237,true),(24,0.129980572,true),(167,0.906364583,true),(76,0.415996741,true),(135,0.724006368,true),(45,0.248972748,true)] (364.2,1.9221254554000002,10)
uf20-0188.cnf Any[(110,0.607027735,true),(7871,41.454317303,true),(62,0.338336318,true),(31,0.167635937,true),(117,0.630160849,true),(251,1.336011329,true),(70,0.384661731,true),(119,0.6405853,true),(1472,7.723716214,true),(126,0.680047432,true)] (1022.9,5.396250014800001,10)
uf20-0189.cnf Any[(74,0.422557174,true),(47,0.256499215,true),(46,0.25833871,true),(36,0.201096956,true),(204,1.094915516,true),(236,1.281965352,true),(979,5.163684204,true),(114,0.624966655,true),(7188,37.790529524,true),(65,0.352464555,true)] (898.9,4.7447017861,10)
uf20-019.cnf Any[(279,1.482542482,true),(173,0.929468586,true),(32,0.176336927,true),(500000,2589.714679392,false),(417,2.172237551,true),(720,3.797351037,true),(61,0.323372493,true),(555,2.88769334,true),(1094,5.743323213,true),(489605,2547.068284233,true)] (99293.6,515.4295289254001,9)
uf20-0190.cnf Any[(40,0.226993517,true),(107,0.580422378,true),(42,0.223405563,true),(194,1.01136431,true),(11,0.060332888,true),(106,0.568981406,true),(156,0.839266439,true),(206,1.076435804,true),(37,0.201856853,true),(57,0.311058541,true)] (95.6,0.5100117699,10)
uf20-0191.cnf Any[(8312,43.170113987,true),(6550,33.988586313,true),(8370,43.414210544,true),(12427,64.234184091,true),(68,0.356973861,true),(895,4.670535544,true),(305,1.602879026,true),(16503,85.876739321,true),(160,0.83725687,true),(20324,105.543298774,true)] (7391.4,38.36947783309999,10)
uf20-0192.cnf Any[(14042,73.450478993,true),(46251,244.45077346,true),(212204,1107.377723173,true),(23780,124.815065888,true),(67,0.353338696,true),(5263,27.879739577,true),(160425,838.709066474,true),(1619,8.497683102,true),(125,0.65371635,true),(152728,797.346978483,true)] (61650.4,322.3534564196,10)
uf20-0193.cnf Any[(38133,202.434260731,true),(58245,311.753189188,true),(47089,258.231914705,true),(61,0.345349526,true),(23975,129.790483008,true),(30864,168.19913714,true),(565,2.994605734,true),(206,1.10660867,true),(6513,34.243913302,true),(263,1.408524217,true)] (20591.4,111.0507986221,10)
uf20-0194.cnf Any[(305,1.648364765,true),(36,0.194595233,true),(10570,56.087004524,true),(1252,6.707488468,true),(261,1.418214129,true),(84,0.461209361,true),(28,0.156864732,true),(47,0.256479427,true),(63,0.350794403,true),(18,0.114082386,true)] (1266.4,6.739509742800001,10)
uf20-0195.cnf Any[(8,0.06961944,true),(55,0.30677682,true),(32,0.173118261,true),(35,0.198238326,true),(22,0.131298608,true),(5,0.030094656,true),(338,1.834063674,true),(58,0.325051682,true),(39,0.215572473,true),(114,0.613833188,true)] (70.6,0.3897667128,10)
uf20-0196.cnf Any[(46,0.253698427,true),(253,1.382532695,true),(174,0.95415742,true),(32612,170.685226643,true),(504,2.658306963,true),(51,0.27564533,true),(1495,7.842727919,true),(239,1.281020946,true),(65,0.359026322,true),(151,0.819124271,true)] (3559.0,18.6511466936,10)
uf20-0197.cnf Any[(891,4.721856602,true),(183,0.987405733,true),(3931,20.835133672,true),(1008,5.307601121,true),(1102,5.824773009,true),(50,0.278867258,true),(7556,39.91788131,true),(124,0.664642912,true),(6389,33.559125863,true),(607,3.222122957,true)] (2184.1,11.5319410437,10)
uf20-0198.cnf Any[(104,0.55854405,true),(532,2.798364285,true),(80,0.435022576,true),(155,0.807364268,true),(119,0.636718914,true),(502,2.612388995,true),(150,0.80316383,true),(139,0.727853412,true),(18594,95.966397707,true),(106,0.560719458,true)] (2048.1,10.5906537495,10)
uf20-0199.cnf Any[(195,1.026357364,true),(56,0.297950031,true),(227,1.210530026,true),(58,0.318656519,true),(42,0.23245202,true),(123,0.662022975,true),(246,1.301930085,true),(57,0.305938401,true),(124,0.668879193,true),(586,3.008947846,true)] (171.4,0.9033664459999999,10)
uf20-02.cnf Any[(20,0.116464325,true),(46,0.24805037,true),(110,0.594553657,true),(28,0.157529563,true),(124,0.669880579,true),(28,0.152833115,true),(10,0.059005855,true),(84,0.455960462,true),(280,1.48444415,true),(474,2.633212694,true)] (120.4,0.6571934770000001,10)
uf20-020.cnf Any[(176,0.947694814,true),(21,0.118376527,true),(2292,11.853157558,true),(235,1.20327646,true),(51,0.273831562,true),(131,0.686459498,true),(1629,8.41283316,true),(61,0.325825584,true),(123,0.647414134,true),(2854,14.814574465,true)] (757.3,3.9283443762000005,10)
uf20-0200.cnf Any[(1320,7.024337508,true),(83570,444.831355596,true),(431,2.284436751,true),(22546,120.024398743,true),(254,1.37102149,true),(3588,19.191637105,true),(148,0.807551665,true),(271,1.465789765,true),(297,1.581449243,true),(1543,8.169363404,true)] (11396.8,60.67513412699999,10)
uf20-0201.cnf Any[(718,3.801513619,true),(461,2.4309944,true),(68,0.372649177,true),(289,1.522722739,true),(62,0.340572755,true),(61,0.325115851,true),(1471,7.712268843,true),(16,0.088201308,true),(48,0.256966985,true),(474,2.452386453,true)] (366.8,1.9303392129999999,10)
uf20-0202.cnf Any[(48,0.275677558,true),(86,0.457363209,true),(369,1.907597448,true),(86,0.470239836,true),(31,0.166982866,true),(283,1.494702073,true),(96,0.50758031,true),(44,0.239411333,true),(84,0.447773929,true),(1224,6.354464075,true)] (235.1,1.2321792637000002,10)
uf20-0203.cnf Any[(245,1.322129521,true),(24099,125.65140923,true),(3625,18.940201334,true),(94,0.509154048,true),(2186,11.525183194,true),(19580,102.412814318,true),(1609,8.416920862,true),(23,0.129717578,true),(295,1.544854245,true),(89,0.478824555,true)] (5184.5,27.0931208885,10)
uf20-0204.cnf Any[(44,0.280033566,true),(90,0.482251449,true),(20,0.112603717,true),(124,0.664541982,true),(52,0.28793884,true),(328,1.7214561,true),(162,0.850393127,true),(99,0.53831643,true),(20,0.108980948,true),(274,1.440482112,true)] (121.3,0.6486998271,10)
uf20-0205.cnf Any[(341,1.796303664,true),(3524,18.636009812,true),(133,0.715662633,true),(59,0.322783106,true),(837,4.448698667,true),(52,0.29162051,true),(59,0.320257611,true),(1742,9.275314493,true),(2485,13.244421645,true),(117,0.635918979,true)] (934.9,4.968699112000001,10)
uf20-0206.cnf Any[(25901,133.080515053,true),(14,0.072051902,true),(8753,44.662429113,true),(199,1.075332998,true),(137,0.739941001,true),(58,0.321587089,true),(101513,520.466487663,true),(56,0.302505533,true),(56159,287.021290406,true),(4846,24.765119576,true)] (19763.6,101.2507260334,10)
uf20-0207.cnf Any[(44,0.272959165,true),(3268,17.217790081,true),(7049,37.10234358,true),(420,2.201052237,true),(9600,50.556592255,true),(1276,6.724561489,true),(2602,13.668767013,true),(3685,19.463997692,true),(264,1.400519143,true),(189,1.011348187,true)] (2839.7,14.9619930842,10)
uf20-0208.cnf Any[(12,0.089000338,true),(31,0.171097726,true),(89,0.478176868,true),(32,0.176984019,true),(33,0.183619172,true),(58,0.316550793,true),(7,0.043916121,true),(119,0.655305473,true),(22,0.131652658,true),(25,0.139279429,true)] (42.8,0.23855825970000005,10)
uf20-0209.cnf Any[(70,0.390996936,true),(239,1.275378969,true),(500000,2618.367616463,false),(45,0.243115557,true),(500000,2593.99826759,false),(500000,2585.645619811,false),(224,1.177277469,true),(500000,2597.689175852,false),(500000,2589.738432431,false),(500000,2593.032659464,false)] (300057.8,1558.1558540542003,4)
uf20-021.cnf Any[(5901,30.671672951,true),(166,0.871169089,true),(1073,5.608831875,true),(2372,12.291438342,true),(563,2.940260017,true),(297,1.557104958,true),(2165,11.213785286,true),(9126,47.186584825,true),(214,1.108482422,true),(86,0.462434015,true)] (2196.3,11.391176378,10)
uf20-0210.cnf Any[(48,0.290446075,true),(10,0.054481596,true),(5,0.033740029,true),(106,0.575108165,true),(87,0.474215004,true),(57,0.3068901,true),(8,0.050534722,true),(21,0.115460648,true),(58,0.326496337,true),(16,0.09229009,true)] (41.6,0.2319662766,10)
uf20-0211.cnf Any[(144,0.798332871,true),(8571,44.495617249,true),(53,0.282401656,true),(13721,71.046086305,true),(175,0.930678202,true),(37,0.194492852,true),(207,1.100772231,true),(97,0.520983023,true),(18,0.100311781,true),(25,0.138102394,true)] (2304.8,11.960777856399998,10)
uf20-0212.cnf Any[(62,0.353406011,true),(32,0.174021465,true),(124,0.646750902,true),(40,0.211145777,true),(165,0.868006542,true),(32,0.176591719,true),(23,0.125933629,true),(21,0.115256622,true),(19,0.105847075,true),(60,0.319395759,true)] (57.8,0.3096355501,10)
uf20-0213.cnf Any[(4087,21.157809826,true),(30,0.162493135,true),(1654,8.518630379,true),(43,0.231637737,true),(20,0.109777172,true),(84,0.452212222,true),(24,0.130945555,true),(40,0.217790559,true),(125,0.654679,true),(114,0.597748805,true)] (622.1,3.223372439,10)
uf20-0214.cnf Any[(539,2.813482339,true),(381,2.016080665,true),(353,1.824460874,true),(95,0.503159054,true),(324,1.69166187,true),(93,0.496566668,true),(5333,27.429238917,true),(343,1.788828765,true),(187,0.980323844,true),(170,0.882714801,true)] (781.8,4.0426517797,10)
uf20-0215.cnf Any[(43,0.247970775,true),(54,0.28807404,true),(88,0.473498873,true),(59,0.321781311,true),(36,0.192450957,true),(23,0.121691193,true),(10,0.059322418,true),(86,0.457324995,true),(32,0.179765114,true),(60,0.323881859,true)] (49.1,0.2665761535,10)
uf20-0216.cnf Any[(3322,17.409172498,true),(43793,228.542027428,true),(105,0.559136069,true),(7367,38.535322123,true),(4270,22.35077435,true),(11716,61.128357435,true),(10305,53.924183966,true),(549,2.863981984,true),(117110,608.503331287,true),(1076,5.638691923,true)] (19961.3,103.94549790629999,10)
uf20-0217.cnf Any[(8,0.051178716,true),(2340,12.119041481,true),(70,0.376740246,true),(2397,12.39399058,true),(1519,7.866695845,true),(237,1.237281582,true),(40,0.212611297,true),(35,0.191057237,true),(276,1.443294356,true),(10,0.059745318,true)] (693.2,3.5951636658000012,10)
uf20-0218.cnf Any[(28,0.164929894,true),(75,0.39961641,true),(189,0.988137188,true),(103,0.563050197,true),(83,0.452504369,true),(40,0.224248425,true),(25,0.139283782,true),(18,0.100999889,true),(177,0.953989435,true),(46,0.25601107,true)] (78.4,0.42427706589999997,10)
uf20-0219.cnf Any[(40256,212.427851142,true),(4748,25.115455783,true),(256,1.384601947,true),(204,1.098667007,true),(60,0.334183376,true),(59,0.315791521,true),(161,0.874070057,true),(193012,1021.768448431,true),(155334,813.635732954,true),(1539,7.868251933,true)] (39562.9,208.48230541510003,10)
uf20-022.cnf Any[(54017,271.48512883,true),(9377,47.809273954,true),(268,1.363292366,true),(24,0.132307149,true),(35,0.184991097,true),(6,0.033536532,true),(115,0.606165732,true),(25,0.132097589,true),(2091,10.488542605,true),(615,3.117159575,true)] (6657.3,33.53524954290001,10)
uf20-0220.cnf Any[(180,0.94966265,true),(56,0.291640573,true),(29,0.155119223,true),(584,2.998353502,true),(24,0.127622363,true),(92,0.490928573,true),(355,1.834316787,true),(79,0.416251738,true),(31,0.169566527,true),(112,0.596253995,true)] (154.2,0.8029715931,10)
uf20-0221.cnf Any[(16262,80.614008554,true),(53,0.2822719,true),(31,0.165176436,true),(105,0.532113944,true),(98,0.51132262,true),(39626,196.820065716,true),(46,0.243502589,true),(169,0.867418889,true),(15324,76.648958928,true),(11669,58.116548572,true)] (8338.3,41.4801388148,10)
uf20-0222.cnf Any[(25,0.147466493,true),(42,0.217245506,true),(264,1.345624257,true),(36,0.189672693,true),(132,0.670348039,true),(159315,772.441663595,true),(29,0.146898736,true),(27476,132.150135128,true),(2875,13.695555128,true),(85,0.424046015,true)] (19027.9,92.142865559,10)
uf20-0223.cnf Any[(170,0.833952774,true),(1440,6.851306678,true),(77,0.3784487,true),(91,0.446822313,true),(70,0.343267099,true),(252,1.212103636,true),(987,4.711036087,true),(563,2.695287167,true),(192,0.920389533,true),(35,0.172913652,true)] (387.7,1.8565527639,10)
uf20-0224.cnf Any[(171,0.86977565,true),(179210,860.720703536,true),(70,0.352124632,true),(2800,13.42809287,true),(500000,2395.6022828,false),(500000,2393.704260904,false),(10193,49.474154402,true),(488,2.406075828,true),(65,0.328376524,true),(345779,1669.127708644,true)] (153877.6,738.6013555790001,8)
uf20-0225.cnf Any[(4537,21.771932549,true),(4299,20.579860057,true),(274,1.332608918,true),(12824,61.929851062,true),(2488,12.0111734,true),(502,2.4260822,true),(1182,5.715256181,true),(2580,12.472429258,true),(637,3.124573692,true),(835,4.045830742,true)] (3015.8,14.540959805899998,10)
uf20-0226.cnf Any[(24,0.145452606,true),(46,0.234586235,true),(68,0.342980768,true),(28,0.145883278,true),(3,0.018275961,true),(62,0.311325837,true),(24,0.124229321,true),(58,0.29474706,true),(1395,6.823912789,true),(103,0.51355792,true)] (181.1,0.8954951775000002,10)
uf20-0227.cnf Any[(240,1.172128383,true),(34,0.172394184,true),(1338,6.492264548,true),(42,0.212972334,true),(205,1.005936946,true),(137,0.674046868,true),(255,1.248962026,true),(162,0.801243761,true),(1155,5.590261826,true),(431,2.086308311,true)] (399.9,1.9456519187,10)
uf20-0228.cnf Any[(45,0.238523733,true),(500000,2378.492593372,false),(17937,85.851623427,true),(19928,94.956136216,true),(486,2.321119244,true),(6833,32.621469104,true),(475233,2291.534485749,true),(19338,92.672348577,true),(40462,195.67234865,true),(500000,2405.105484639,false)] (158026.2,757.9466132710999,8)
uf20-0229.cnf Any[(5026,24.138963433,true),(15,0.077620352,true),(49,0.243955007,true),(48,0.237124675,true),(96,0.47323969,true),(21,0.108347365,true),(46,0.227638202,true),(57,0.284875263,true),(21,0.106441692,true),(41,0.206677082,true)] (542.0,2.6104882761000003,10)
uf20-023.cnf Any[(5299,25.531846642,true),(64,0.32307344,true),(252,1.232392124,true),(36,0.186076506,true),(116,0.580821508,true),(33,0.167856336,true),(89,0.445578739,true),(106,0.528764945,true),(2150,10.365375651,true),(1533,7.389348044,true)] (967.8,4.6751133935,10)
uf20-0230.cnf Any[(2114,10.29529996,true),(27,0.139799666,true),(21,0.107760035,true),(128,0.640715395,true),(34,0.173106369,true),(116,0.585069926,true),(3,0.01817137,true),(63,0.31961837,true),(368,1.79382075,true),(1892,9.213117602,true)] (476.6,2.3286479442999997,10)
uf20-0231.cnf Any[(500000,2350.493599755,false),(125,0.615235554,true),(151,0.743271812,true),(50313,237.595783961,true),(500000,2363.683727462,false),(442282,2104.315871374,true),(121344,572.595983792,true),(40,0.200549163,true),(280330,1356.012300352,true),(97337,464.877949902,true)] (199192.2,945.1134273127,8)
uf20-0232.cnf Any[(8886,42.976536888,true),(5731,27.640372388,true),(774,3.761399552,true),(1013,4.918222419,true),(36,0.181473176,true),(53,0.268520768,true),(5846,28.275710304,true),(5791,27.937494118,true),(85,0.425230019,true),(189,0.92460159,true)] (2840.4,13.730956122200002,10)
uf20-0233.cnf Any[(319,1.578601613,true),(136,0.668385797,true),(39,0.199645421,true),(236,1.148210645,true),(34,0.174725003,true),(4025,19.425028437,true),(57,0.286467822,true),(63,0.316326863,true),(32,0.162808156,true),(111,0.548016326,true)] (505.2,2.4508216083,10)
uf20-0234.cnf Any[(16,0.10412165,true),(172,0.856828105,true),(242,1.189768866,true),(536,2.614568136,true),(3005,14.492696727,true),(650,3.147441917,true),(178,0.877342649,true),(254,1.242285378,true),(17,0.090658602,true),(7345,35.679286107,true)] (1241.5,6.029499813700001,10)
uf20-0235.cnf Any[(31,0.167563761,true),(103,0.502114869,true),(23,0.115274162,true),(395,1.885939226,true),(130,0.630919899,true),(31,0.154253203,true),(497,2.375813898,true),(164,0.791742288,true),(83,0.410996484,true),(175,0.843713626,true)] (163.2,0.7878331416,10)
